<?xml version="1.0" encoding="UTF-8"?>
<!-- Generated by org.testng.reporters.JUnitReportReporter -->
<testsuite skipped="0" hostname="DESKTOP-6UF45NS" name="TestNGSessions.InvocationCountTest" tests="10" failures="0" timestamp="30 Apr 2020 13:42:51 GMT" time="0.095" errors="0">
  <testcase name="sum" time="0.004" classname="TestNGSessions.InvocationCountTest"/>
  <testcase name="sum" time="0.006" classname="TestNGSessions.InvocationCountTest"/>
  <testcase name="sum" time="0.004" classname="TestNGSessions.InvocationCountTest"/>
  <testcase name="sum" time="0.001" classname="TestNGSessions.InvocationCountTest"/>
  <testcase name="sum" time="0.050" classname="TestNGSessions.InvocationCountTest"/>
  <testcase name="sum" time="0.016" classname="TestNGSessions.InvocationCountTest"/>
  <testcase name="sum" time="0.003" classname="TestNGSessions.InvocationCountTest"/>
  <testcase name="sum" time="0.007" classname="TestNGSessions.InvocationCountTest"/>
  <testcase name="sum" time="0.002" classname="TestNGSessions.InvocationCountTest"/>
  <testcase name="sum" time="0.002" classname="TestNGSessions.InvocationCountTest"/>
</testsuite> <!-- TestNGSessions.InvocationCountTest -->
